
---- Backup run: 2025-05-22 04:25:26.631412 ----
Copied E:\Dropbox\Informatique\Holberton\40k\frontend/save.py -> E:\Dropbox\Informatique\Holberton\40k\versions\v3\frontend/save.py
Copied E:\Dropbox\Informatique\Holberton\40k\frontend/tsconfig.json -> E:\Dropbox\Informatique\Holberton\40k\versions\v3\frontend/tsconfig.json
Copied E:\Dropbox\Informatique\Holberton\40k\frontend/vite.config.ts -> E:\Dropbox\Informatique\Holberton\40k\versions\v3\frontend/vite.config.ts
Copied E:\Dropbox\Informatique\Holberton\40k\frontend/src/components/Board.tsx -> E:\Dropbox\Informatique\Holberton\40k\versions\v3\frontend/src/components/Board.tsx
Copied E:\Dropbox\Informatique\Holberton\40k\frontend/src/App.tsx -> E:\Dropbox\Informatique\Holberton\40k\versions\v3\frontend/src/App.tsx
Copied E:\Dropbox\Informatique\Holberton\40k\frontend/src/data/units.ts -> E:\Dropbox\Informatique\Holberton\40k\versions\v3\frontend/src/data/units.ts
Copied E:\Dropbox\Informatique\Holberton\40k\frontend/src/data/unitFactory.ts -> E:\Dropbox\Informatique\Holberton\40k\versions\v3\frontend/src/data/unitFactory.ts
Copied E:\Dropbox\Informatique\Holberton\40k\frontend/src/components/UnitSelector.tsx -> E:\Dropbox\Informatique\Holberton\40k\versions\v3\frontend/src/components/UnitSelector.tsx
Copied E:\Dropbox\Informatique\Holberton\40k\src/roster/space_marine/SpaceMarineRangedUnit.ts -> E:\Dropbox\Informatique\Holberton\40k\versions\v3\src/roster/space_marine/SpaceMarineRangedUnit.ts
Copied E:\Dropbox\Informatique\Holberton\40k\src/roster/space_marine/Intercessor.ts -> E:\Dropbox\Informatique\Holberton\40k\versions\v3\src/roster/space_marine/Intercessor.ts
Backup finished. Success: 10 | Failed: 0

---- Backup run: 2025-05-22 23:06:58.990857 ----
Copied E:\Dropbox\Informatique\Holberton\40k\frontend/save.py -> E:\Dropbox\Informatique\Holberton\40k\versions\v3\frontend/save.py
Copied E:\Dropbox\Informatique\Holberton\40k\frontend/tsconfig.json -> E:\Dropbox\Informatique\Holberton\40k\versions\v3\frontend/tsconfig.json
Copied E:\Dropbox\Informatique\Holberton\40k\frontend/vite.config.ts -> E:\Dropbox\Informatique\Holberton\40k\versions\v3\frontend/vite.config.ts
Copied E:\Dropbox\Informatique\Holberton\40k\frontend/src/components/Board.tsx -> E:\Dropbox\Informatique\Holberton\40k\versions\v3\frontend/src/components/Board.tsx
Copied E:\Dropbox\Informatique\Holberton\40k\frontend/src/App.tsx -> E:\Dropbox\Informatique\Holberton\40k\versions\v3\frontend/src/App.tsx
Copied E:\Dropbox\Informatique\Holberton\40k\frontend/src/data/units.ts -> E:\Dropbox\Informatique\Holberton\40k\versions\v3\frontend/src/data/units.ts
ERROR: Source file does not exist: E:\Dropbox\Informatique\Holberton\40k\frontend/src/data/unitFactory.ts
Copied E:\Dropbox\Informatique\Holberton\40k\frontend/src/components/UnitSelector.tsx -> E:\Dropbox\Informatique\Holberton\40k\versions\v3\frontend/src/components/UnitSelector.tsx
ERROR: Source file does not exist: E:\Dropbox\Informatique\Holberton\40k\src/roster/space_marine/SpaceMarineRangedUnit.ts
ERROR: Source file does not exist: E:\Dropbox\Informatique\Holberton\40k\src/roster/space_marine/Intercessor.ts
Backup finished. Success: 7 | Failed: 3

---- Backup run: 2025-05-22 23:08:25.497906 ----
Copied E:\Dropbox\Informatique\Holberton\40k\frontend/save.py -> E:\Dropbox\Informatique\Holberton\40k\versions\v3\frontend/save.py
Copied E:\Dropbox\Informatique\Holberton\40k\frontend/tsconfig.json -> E:\Dropbox\Informatique\Holberton\40k\versions\v3\frontend/tsconfig.json
Copied E:\Dropbox\Informatique\Holberton\40k\frontend/vite.config.ts -> E:\Dropbox\Informatique\Holberton\40k\versions\v3\frontend/vite.config.ts
Copied E:\Dropbox\Informatique\Holberton\40k\frontend/src/components/Board.tsx -> E:\Dropbox\Informatique\Holberton\40k\versions\v3\frontend/src/components/Board.tsx
Copied E:\Dropbox\Informatique\Holberton\40k\frontend/src/App.tsx -> E:\Dropbox\Informatique\Holberton\40k\versions\v3\frontend/src/App.tsx
Copied E:\Dropbox\Informatique\Holberton\40k\frontend/src/data/units.ts -> E:\Dropbox\Informatique\Holberton\40k\versions\v3\frontend/src/data/units.ts
ERROR: Source file does not exist: E:\Dropbox\Informatique\Holberton\40k\frontend/src/data/UnitFactory.ts
Copied E:\Dropbox\Informatique\Holberton\40k\frontend/src/components/UnitSelector.tsx -> E:\Dropbox\Informatique\Holberton\40k\versions\v3\frontend/src/components/UnitSelector.tsx
Copied E:\Dropbox\Informatique\Holberton\40k\src/roster/SpaceMarine/SpaceMarineRangedUnit.ts -> E:\Dropbox\Informatique\Holberton\40k\versions\v3\src/roster/SpaceMarine/SpaceMarineRangedUnit.ts
Copied E:\Dropbox\Informatique\Holberton\40k\src/roster/SpaceMarine/Intercessor.ts -> E:\Dropbox\Informatique\Holberton\40k\versions\v3\src/roster/SpaceMarine/Intercessor.ts
Backup finished. Success: 9 | Failed: 1

---- Backup run: 2025-05-22 23:08:43.870025 ----
Copied E:\Dropbox\Informatique\Holberton\40k\frontend/save.py -> E:\Dropbox\Informatique\Holberton\40k\versions\v3\frontend/save.py
Copied E:\Dropbox\Informatique\Holberton\40k\frontend/tsconfig.json -> E:\Dropbox\Informatique\Holberton\40k\versions\v3\frontend/tsconfig.json
Copied E:\Dropbox\Informatique\Holberton\40k\frontend/vite.config.ts -> E:\Dropbox\Informatique\Holberton\40k\versions\v3\frontend/vite.config.ts
Copied E:\Dropbox\Informatique\Holberton\40k\frontend/src/components/Board.tsx -> E:\Dropbox\Informatique\Holberton\40k\versions\v3\frontend/src/components/Board.tsx
Copied E:\Dropbox\Informatique\Holberton\40k\frontend/src/App.tsx -> E:\Dropbox\Informatique\Holberton\40k\versions\v3\frontend/src/App.tsx
Copied E:\Dropbox\Informatique\Holberton\40k\frontend/src/data/units.ts -> E:\Dropbox\Informatique\Holberton\40k\versions\v3\frontend/src/data/units.ts
ERROR: Source file does not exist: E:\Dropbox\Informatique\Holberton\40k\frontend/src/data/UnitFactory.ts
Copied E:\Dropbox\Informatique\Holberton\40k\frontend/src/components/UnitSelector.tsx -> E:\Dropbox\Informatique\Holberton\40k\versions\v3\frontend/src/components/UnitSelector.tsx
Copied E:\Dropbox\Informatique\Holberton\40k\src/roster/SpaceMarine/SpaceMarineRangedUnit.ts -> E:\Dropbox\Informatique\Holberton\40k\versions\v3\src/roster/SpaceMarine/SpaceMarineRangedUnit.ts
Copied E:\Dropbox\Informatique\Holberton\40k\src/roster/SpaceMarine/Intercessor.ts -> E:\Dropbox\Informatique\Holberton\40k\versions\v3\src/roster/SpaceMarine/Intercessor.ts
Backup finished. Success: 9 | Failed: 1

---- Backup run: 2025-05-22 23:08:44.252595 ----
Copied E:\Dropbox\Informatique\Holberton\40k\frontend/save.py -> E:\Dropbox\Informatique\Holberton\40k\versions\v3\frontend/save.py
Copied E:\Dropbox\Informatique\Holberton\40k\frontend/tsconfig.json -> E:\Dropbox\Informatique\Holberton\40k\versions\v3\frontend/tsconfig.json
Copied E:\Dropbox\Informatique\Holberton\40k\frontend/vite.config.ts -> E:\Dropbox\Informatique\Holberton\40k\versions\v3\frontend/vite.config.ts
Copied E:\Dropbox\Informatique\Holberton\40k\frontend/src/components/Board.tsx -> E:\Dropbox\Informatique\Holberton\40k\versions\v3\frontend/src/components/Board.tsx
Copied E:\Dropbox\Informatique\Holberton\40k\frontend/src/App.tsx -> E:\Dropbox\Informatique\Holberton\40k\versions\v3\frontend/src/App.tsx
Copied E:\Dropbox\Informatique\Holberton\40k\frontend/src/data/units.ts -> E:\Dropbox\Informatique\Holberton\40k\versions\v3\frontend/src/data/units.ts
ERROR: Source file does not exist: E:\Dropbox\Informatique\Holberton\40k\frontend/src/data/UnitFactory.ts
Copied E:\Dropbox\Informatique\Holberton\40k\frontend/src/components/UnitSelector.tsx -> E:\Dropbox\Informatique\Holberton\40k\versions\v3\frontend/src/components/UnitSelector.tsx
Copied E:\Dropbox\Informatique\Holberton\40k\src/roster/SpaceMarine/SpaceMarineRangedUnit.ts -> E:\Dropbox\Informatique\Holberton\40k\versions\v3\src/roster/SpaceMarine/SpaceMarineRangedUnit.ts
Copied E:\Dropbox\Informatique\Holberton\40k\src/roster/SpaceMarine/Intercessor.ts -> E:\Dropbox\Informatique\Holberton\40k\versions\v3\src/roster/SpaceMarine/Intercessor.ts
Backup finished. Success: 9 | Failed: 1

---- Backup run: 2025-05-22 23:10:06.770826 ----
Copied E:\Dropbox\Informatique\Holberton\40k\frontend/save.py -> E:\Dropbox\Informatique\Holberton\40k\versions\v3\frontend/save.py
Copied E:\Dropbox\Informatique\Holberton\40k\frontend/tsconfig.json -> E:\Dropbox\Informatique\Holberton\40k\versions\v3\frontend/tsconfig.json
Copied E:\Dropbox\Informatique\Holberton\40k\frontend/vite.config.ts -> E:\Dropbox\Informatique\Holberton\40k\versions\v3\frontend/vite.config.ts
Copied E:\Dropbox\Informatique\Holberton\40k\frontend/src/components/Board.tsx -> E:\Dropbox\Informatique\Holberton\40k\versions\v3\frontend/src/components/Board.tsx
Copied E:\Dropbox\Informatique\Holberton\40k\frontend/src/App.tsx -> E:\Dropbox\Informatique\Holberton\40k\versions\v3\frontend/src/App.tsx
Copied E:\Dropbox\Informatique\Holberton\40k\frontend/src/data/units.ts -> E:\Dropbox\Informatique\Holberton\40k\versions\v3\frontend/src/data/units.ts
Copied E:\Dropbox\Informatique\Holberton\40k\frontend/src/components/UnitSelector.tsx -> E:\Dropbox\Informatique\Holberton\40k\versions\v3\frontend/src/components/UnitSelector.tsx
Copied E:\Dropbox\Informatique\Holberton\40k\src/roster/SpaceMarine/SpaceMarineRangedUnit.ts -> E:\Dropbox\Informatique\Holberton\40k\versions\v3\src/roster/SpaceMarine/SpaceMarineRangedUnit.ts
Copied E:\Dropbox\Informatique\Holberton\40k\src/roster/SpaceMarine/Intercessor.ts -> E:\Dropbox\Informatique\Holberton\40k\versions\v3\src/roster/SpaceMarine/Intercessor.ts
Backup finished. Success: 9 | Failed: 0
